
2022-05-24 12:46:51 WARN - Nome Utente : sasi vescovo , Email : email HA INSERITO Nome Utente : sasi vescovo , Email : email
2022-05-25 11:14:21 WARN - Nome Utente : matis mazze , Email : mati@mazze.it HA INSERITO Nome Utente : matis mazze , Email : mati@mazze.it
2022-05-25 11:50:56 WARN - Nome Utente : matis mazze , Email : mati@mazze.it HA INSERITO Nome Utente : matis mazze , Email : mati@mazze.it
2022-05-25 11:51:29 WARN - Nome Utente : massess rasse , Email : mati@mazze.it HA INSERITO Nome Utente : massess rasse , Email : mati@mazze.it
2022-05-25 11:54:45 WARN - Nome Utente : massess rasse , Email : mati@mazze.it HA INSERITO Nome Utente : massess rasse , Email : mati@mazze.it
2022-05-25 12:04:36 WARN - Nome Utente : massess rasse , Email : mati@mazze.it HA INSERITO Nome Utente : massess rasse , Email : mati@mazze.it
2022-05-25 12:30:18 WARN - Nome Utente : massess rasse , Email : mati@mazze.it HA INSERITO Nome Utente : massess rasse , Email : mati@mazze.it
2022-05-25 14:37:55 WARN - Nome Utente : trisess postul , Email : mati@mazze.it HA INSERITO Nome Utente : trisess postul , Email : mati@mazze.it
2022-05-25 15:09:02 WARN - Nome Utente : trisess postul , Email : mati@mazze.it HA INSERITO Nome Utente : trisess postul , Email : mati@mazze.it
2022-05-25 15:30:21 WARN - Nome Utente : trisess postul , Email : mati@mazze.it HA INSERITO Nome Utente : trisess postul , Email : mati@mazze.it
2022-05-25 15:49:58 WARN - Nome Utente : trisess postul , Email : mati@mazze.it HA INSERITO Nome Utente : trisess postul , Email : mati@mazze.it
2022-05-26 12:16:48 WARN -
2022-05-26 12:17:16 WARN - Nome Utente : trisess postul , Email : mati@mazze.it HA INSERITO Nome Utente : trisess postul , Email : mati@mazze.it
2022-05-26 12:20:45 - WARN - Nome Utente : trisess postul , Email : mati@mazze.it HA INSERITO Nome Utente : trisess postul , Email : mati@mazze.it
2022-05-26 12:21:45 - WARN - Nome Utente : franco postul , Email : mati@mazze.it HA INSERITO Nome Utente : franco postul , Email : mati@mazze.it
2022-05-26 12:23:08 | WARN - Nome Utente : franco postul , Email : mati@mazze.it HA INSERITO Nome Utente : franco postul , Email : mati@mazze.it
2022-05-26 12:24:01 | WARN  | Nome Utente : franco postul , Email : mati@mazze.it HA INSERITO Nome Utente : franco postul , Email : mati@mazze.it
2022-05-26 12:26:39 | WARN  |  | franco | postul | mati@mazze.it HA INSERITO  | franco | postul | mati@mazze.it
2022-05-26 12:27:20 | WARN  | franco | postul | mati@mazze.it HA INSERITO franco | postul | mati@mazze.it
2022-05-26 12:32:40 | WARN  | franco | postul | mati@mazze.it |  | HA INSERITO | franco | postul | mati@mazze.it | 
2022-05-26 12:32:40 | INFO  | franco | postul | mati@mazze.it |  | MODIFICATORE | ha effettuato l'accesso
2022-05-26 12:36:00 | WARN  | franco | pippo | mati@mazze.it | HA INSERITO | franco | pippo | mati@mazze.it
2022-05-26 12:36:00 | INFO  | franco | pippo | mati@mazze.it | MODIFICATORE | ha effettuato l'accesso
2022-05-26 12:39:28 | WARN  | franco | pippo | mati@mazze.it | HA INSERITO | franco | pippo | mati@mazze.it
2022-05-26 12:39:29 | INFO  | franco | pippo | mati@mazze.it | ha effettuato l'accesso
